<?xml version="1.0" encoding="UTF-8"?>
<testsuite name="com.example.project.TestTriangleCollection" tests="3" skipped="0" failures="0" errors="0" timestamp="2025-01-09T13:26:53" hostname="codespaces-753800" time="0.111">
  <properties/>
  <testcase name="testShiftTriangles()" classname="com.example.project.TestTriangleCollection" time="0.096"/>
  <testcase name="testTotalPerimeter()" classname="com.example.project.TestTriangleCollection" time="0.004"/>
  <testcase name="testTriangleCollection()" classname="com.example.project.TestTriangleCollection" time="0.001"/>
  <system-out><![CDATA[]]></system-out>
  <system-err><![CDATA[]]></system-err>
</testsuite>
