<?xml version="1.0" encoding="UTF-8"?>
<testsuite name="com.example.project.TestFibonacci" tests="5" skipped="0" failures="0" errors="0" timestamp="2025-01-09T13:26:53" hostname="codespaces-753800" time="0.051">
  <properties/>
  <testcase name="testGetIndexOf()" classname="com.example.project.TestFibonacci" time="0.002"/>
  <testcase name="testGetSequence()" classname="com.example.project.TestFibonacci" time="0.007"/>
  <testcase name="testExtendBy()" classname="com.example.project.TestFibonacci" time="0.001"/>
  <testcase name="testFibonacciString()" classname="com.example.project.TestFibonacci" time="0.003"/>
  <testcase name="testConstructor()" classname="com.example.project.TestFibonacci" time="0.011"/>
  <system-out><![CDATA[]]></system-out>
  <system-err><![CDATA[]]></system-err>
</testsuite>
